Unity Editor version:    2020.3.22f1 (e1a7f79fd887)
Branch:                  2020.3/staging
Build type:              Release
Batch mode:              YES
macOS version:           Version 12.0.1 (Build 21A559)
Darwin version:          21.1.0
Architecture:            x86_64
Running under Rosetta:   YES
Available memory:        32768 MB
Using pre-set license
Pro License: NO

COMMAND LINE ARGUMENTS:
/Applications/Unity/Hub/Editor/2020.3.22f1/Unity.app/Contents/MacOS/Unity
-adb2
-batchMode
-noUpm
-name
AssetImportWorker0
-projectPath
/Users/ericrosello/Desktop/MAI/NDVW/Project/NDVW_Final_Project/NVDW_project
-logFile
Logs/AssetImportWorker0.log
-srvPort
51160
Successfully changed project path to: /Users/ericrosello/Desktop/MAI/NDVW/Project/NDVW_Final_Project/NVDW_project
/Users/ericrosello/Desktop/MAI/NDVW/Project/NDVW_Final_Project/NVDW_project
Using Asset Import Pipeline V2.
Refreshing native plugins compatible for Editor in 48.63 ms, found 2 plugins.
Preloading 0 native plugins for Editor in 0.00 ms.
Initialize engine version: 2020.3.22f1 (e1a7f79fd887)
[Subsystems] Discovering subsystems at path /Applications/Unity/Hub/Editor/2020.3.22f1/Unity.app/Contents/Resources/UnitySubsystems
[Subsystems] Discovering subsystems at path /Users/ericrosello/Desktop/MAI/NDVW/Project/NDVW_Final_Project/NVDW_project/Assets
GfxDevice: creating device client; threaded=0
2021-12-01 12:50:14.249 Unity[4848:121634] (null) preferred device: Apple M1 Pro (high power)
2021-12-01 12:50:14.249 Unity[4848:121634] Metal devices available: 1
2021-12-01 12:50:14.249 Unity[4848:121634] 0: Apple M1 Pro (high power)
2021-12-01 12:50:14.250 Unity[4848:121634] Using device Apple M1 Pro (high power)
Initializing Metal device caps: Apple M1 Pro
Initialize mono
Mono path[0] = '/Applications/Unity/Hub/Editor/2020.3.22f1/Unity.app/Contents/Managed'
Mono path[1] = '/Applications/Unity/Hub/Editor/2020.3.22f1/Unity.app/Contents/MonoBleedingEdge/lib/mono/unityjit'
Mono config path = '/Applications/Unity/Hub/Editor/2020.3.22f1/Unity.app/Contents/MonoBleedingEdge/etc'
Using monoOptions --debugger-agent=transport=dt_socket,embedding=1,server=y,suspend=n,address=127.0.0.1:56848
Begin MonoManager ReloadAssembly
Registering precompiled unity dll's ...
Register platform support module: /Applications/Unity/Hub/Editor/2020.3.22f1/Unity.app/Contents/PlaybackEngines/MacStandaloneSupport/UnityEditor.OSXStandalone.Extensions.dll
Registered in 0.000349 seconds.
Native extension for OSXStandalone target not found
Refreshing native plugins compatible for Editor in 57.49 ms, found 2 plugins.
Preloading 0 native plugins for Editor in 0.00 ms.
Mono: successfully reloaded assembly
- Completed reload, in  1.572 seconds
Domain Reload Profiling:
	ReloadAssembly (1573ms)
		BeginReloadAssembly (78ms)
			ExecutionOrderSort (0ms)
			DisableScriptedObjects (0ms)
			BackupInstance (0ms)
			ReleaseScriptingObjects (0ms)
			CreateAndSetChildDomain (2ms)
		EndReloadAssembly (892ms)
			LoadAssemblies (75ms)
			RebuildTransferFunctionScriptingTraits (0ms)
			SetupTypeCache (167ms)
			ReleaseScriptCaches (0ms)
			RebuildScriptCaches (38ms)
			SetupLoadedEditorAssemblies (459ms)
				LogAssemblyErrors (0ms)
				InitializePlatformSupportModulesInManaged (10ms)
				SetLoadedEditorAssemblies (1ms)
				RefreshPlugins (58ms)
				BeforeProcessingInitializeOnLoad (24ms)
				ProcessInitializeOnLoadAttributes (281ms)
				ProcessInitializeOnLoadMethodAttributes (85ms)
				AfterProcessingInitializeOnLoad (0ms)
				EditorAssembliesLoaded (1ms)
			ExecutionOrderSort2 (0ms)
			AwakeInstancesAfterBackupRestoration (0ms)
Platform modules already initialized, skipping
Registering precompiled user dll's ...
Registered in 0.001643 seconds.
Begin MonoManager ReloadAssembly
Native extension for OSXStandalone target not found
Refreshing native plugins compatible for Editor in 0.54 ms, found 2 plugins.
Preloading 0 native plugins for Editor in 0.00 ms.
Mono: successfully reloaded assembly
- Completed reload, in  2.125 seconds
Domain Reload Profiling:
	ReloadAssembly (2126ms)
		BeginReloadAssembly (229ms)
			ExecutionOrderSort (0ms)
			DisableScriptedObjects (26ms)
			BackupInstance (0ms)
			ReleaseScriptingObjects (0ms)
			CreateAndSetChildDomain (32ms)
		EndReloadAssembly (1808ms)
			LoadAssemblies (158ms)
			RebuildTransferFunctionScriptingTraits (0ms)
			SetupTypeCache (331ms)
			ReleaseScriptCaches (1ms)
			RebuildScriptCaches (67ms)
			SetupLoadedEditorAssemblies (1040ms)
				LogAssemblyErrors (0ms)
				InitializePlatformSupportModulesInManaged (15ms)
				SetLoadedEditorAssemblies (1ms)
				RefreshPlugins (1ms)
				BeforeProcessingInitializeOnLoad (114ms)
				ProcessInitializeOnLoadAttributes (871ms)
				ProcessInitializeOnLoadMethodAttributes (38ms)
				AfterProcessingInitializeOnLoad (1ms)
				EditorAssembliesLoaded (1ms)
			ExecutionOrderSort2 (0ms)
			AwakeInstancesAfterBackupRestoration (25ms)
Platform modules already initialized, skipping
Validating Project structure ... 0.007895 seconds.
Shader import version has changed; will reimport all shaders...
Upgrading shader files ...0.016982 seconds.
Application.AssetDatabase Initial Script Refresh Start
RefreshInfo: InitialScriptRefreshV2(NoUpdateAssetOptions) scanfilter:  ... 1 filters
RefreshProfiler: Total: 0.000ms
Application.AssetDatabase Initial Script Refresh End
Application.AssetDatabase.Refresh Start
Application.AssetDatabase.Refresh End
RefreshInfo: StopAssetImportingV2(ForceSynchronousImport) scanfilter: 
RefreshProfiler: Total: 0.000ms
Launching external process: /Applications/Unity/Hub/Editor/2020.3.22f1/Unity.app/Contents/Tools/UnityShaderCompiler
Launched and connected shader compiler UnityShaderCompiler after 0.02 seconds
Initializing Unity extensions:
[C# Project] Writing /Users/ericrosello/Desktop/MAI/NDVW/Project/NDVW_Final_Project/NVDW_project/NVDW_project.sln because it has changed
[C# Project] First difference on line 4

[C# Project] Current /Users/ericrosello/Desktop/MAI/NDVW/Project/NDVW_Final_Project/NVDW_project/NVDW_project.sln:
[C# Project]   004: Project("{FAE04EC0-301F-11D3-BF4B-00C04F79EFBC}") = "AstarPathfindingProject", "AstarPathfindingProject.csproj", "{8D4F6D2A-2954-4A2F-55E8-6251B80D35B9}"
[C# Project]   005: EndProject
[C# Project]   006: Project("{FAE04EC0-301F-11D3-BF4B-00C04F79EFBC}") = "Assembly-CSharp", "Assembly-CSharp.csproj", "{05DBBF06-F22F-F8F5-F158-734BB9617AA8}"
[C# Project]   007: EndProject
[C# Project]   008: Project("{FAE04EC0-301F-11D3-BF4B-00C04F79EFBC}") = "PackageToolsEditor", "PackageToolsEditor.csproj", "{D45F7E5D-BA7A-96EC-7216-7EE7476C5EA8}"

[C# Project] New /Users/ericrosello/Desktop/MAI/NDVW/Project/NDVW_Final_Project/NVDW_project/NVDW_project.sln:
[C# Project]   004: Project("{FAE04EC0-301F-11D3-BF4B-00C04F79EFBC}") = "UnityEngine.UI", "UnityEngine.UI.csproj", "{410114E5-8334-9241-0BDF-129E3D101F70}"
[C# Project]   005: EndProject
[C# Project]   006: Project("{FAE04EC0-301F-11D3-BF4B-00C04F79EFBC}") = "UnityEngine.TestRunner", "UnityEngine.TestRunner.csproj", "{5345F257-F4F0-E902-1B66-C73C8387599F}"
[C# Project]   007: EndProject
[C# Project]   008: Project("{FAE04EC0-301F-11D3-BF4B-00C04F79EFBC}") = "AstarPathfindingProject", "AstarPathfindingProject.csproj", "{8D4F6D2A-2954-4A2F-55E8-6251B80D35B9}"
[C# Project] Writing /Users/ericrosello/Desktop/MAI/NDVW/Project/NDVW_Final_Project/NVDW_project/AstarPathfindingProject.csproj because it has changed
[C# Project] First difference on line 763

[C# Project] Current /Users/ericrosello/Desktop/MAI/NDVW/Project/NDVW_Final_Project/NVDW_project/AstarPathfindingProject.csproj:
[C# Project]   763:  <Reference Include="UnityEditor.UI">
[C# Project]   764:  <HintPath>/Users/ericrosello/Desktop/MAI/NDVW/Project/NDVW_Final_Project/NVDW_project/Library/ScriptAssemblies/UnityEditor.UI.dll</HintPath>
[C# Project]   765:  </Reference>
[C# Project]   766:  <Reference Include="UnityEngine.UI">
[C# Project]   767:  <HintPath>/Users/ericrosello/Desktop/MAI/NDVW/Project/NDVW_Final_Project/NVDW_project/Library/ScriptAssemblies/UnityEngine.UI.dll</HintPath>

[C# Project] New /Users/ericrosello/Desktop/MAI/NDVW/Project/NDVW_Final_Project/NVDW_project/AstarPathfindingProject.csproj:
[C# Project]   763:   </ItemGroup>
[C# Project]   764:   <ItemGroup>
[C# Project]   765:     <ProjectReference Include="UnityEditor.UI.csproj">
[C# Project]   766:       <Project>{DE9B8364-6E96-2E2B-162B-C72B69810DED}</Project>
[C# Project]   767:       <Name>UnityEditor.UI</Name>
[C# Project] Writing /Users/ericrosello/Desktop/MAI/NDVW/Project/NDVW_Final_Project/NVDW_project/Assembly-CSharp.csproj because it has changed
[C# Project] First difference on line 710

[C# Project] Current /Users/ericrosello/Desktop/MAI/NDVW/Project/NDVW_Final_Project/NVDW_project/Assembly-CSharp.csproj:
[C# Project]   710:  <Reference Include="Unity.2D.Tilemap.Extras">
[C# Project]   711:  <HintPath>/Users/ericrosello/Desktop/MAI/NDVW/Project/NDVW_Final_Project/NVDW_project/Library/ScriptAssemblies/Unity.2D.Tilemap.Extras.dll</HintPath>
[C# Project]   712:  </Reference>
[C# Project]   713:  <Reference Include="Unity.VSCode.Editor">
[C# Project]   714:  <HintPath>/Users/ericrosello/Desktop/MAI/NDVW/Project/NDVW_Final_Project/NVDW_project/Library/ScriptAssemblies/Unity.VSCode.Editor.dll</HintPath>

[C# Project] New /Users/ericrosello/Desktop/MAI/NDVW/Project/NDVW_Final_Project/NVDW_project/Assembly-CSharp.csproj:
[C# Project]   710:   </ItemGroup>
[C# Project]   711:   <ItemGroup>
[C# Project]   712:     <ProjectReference Include="Unity.2D.Tilemap.Extras.csproj">
[C# Project]   713:       <Project>{55B5CFC6-37AF-A82B-1169-ADD3EAA3B92A}</Project>
[C# Project]   714:       <Name>Unity.2D.Tilemap.Extras</Name>
[C# Project] Writing /Users/ericrosello/Desktop/MAI/NDVW/Project/NDVW_Final_Project/NVDW_project/PackageToolsEditor.csproj because it has changed
[C# Project] First difference on line 654

[C# Project] Current /Users/ericrosello/Desktop/MAI/NDVW/Project/NDVW_Final_Project/NVDW_project/PackageToolsEditor.csproj:
[C# Project]   654:  <Reference Include="UnityEditor.UI">
[C# Project]   655:  <HintPath>/Users/ericrosello/Desktop/MAI/NDVW/Project/NDVW_Final_Project/NVDW_project/Library/ScriptAssemblies/UnityEditor.UI.dll</HintPath>
[C# Project]   656:  </Reference>
[C# Project]   657:  <Reference Include="UnityEngine.UI">
[C# Project]   658:  <HintPath>/Users/ericrosello/Desktop/MAI/NDVW/Project/NDVW_Final_Project/NVDW_project/Library/ScriptAssemblies/UnityEngine.UI.dll</HintPath>

[C# Project] New /Users/ericrosello/Desktop/MAI/NDVW/Project/NDVW_Final_Project/NVDW_project/PackageToolsEditor.csproj:
[C# Project]   654:   </ItemGroup>
[C# Project]   655:   <ItemGroup>
[C# Project]   656:     <ProjectReference Include="AstarPathfindingProject.csproj">
[C# Project]   657:       <Project>{8D4F6D2A-2954-4A2F-55E8-6251B80D35B9}</Project>
[C# Project]   658:       <Name>AstarPathfindingProject</Name>
[C# Project] Writing /Users/ericrosello/Desktop/MAI/NDVW/Project/NDVW_Final_Project/NVDW_project/AstarPathfindingProjectEditor.csproj because it has changed
[C# Project] First difference on line 672

[C# Project] Current /Users/ericrosello/Desktop/MAI/NDVW/Project/NDVW_Final_Project/NVDW_project/AstarPathfindingProjectEditor.csproj:
[C# Project]   672:  <Reference Include="UnityEditor.UI">
[C# Project]   673:  <HintPath>/Users/ericrosello/Desktop/MAI/NDVW/Project/NDVW_Final_Project/NVDW_project/Library/ScriptAssemblies/UnityEditor.UI.dll</HintPath>
[C# Project]   674:  </Reference>
[C# Project]   675:  <Reference Include="UnityEngine.UI">
[C# Project]   676:  <HintPath>/Users/ericrosello/Desktop/MAI/NDVW/Project/NDVW_Final_Project/NVDW_project/Library/ScriptAssemblies/UnityEngine.UI.dll</HintPath>

[C# Project] New /Users/ericrosello/Desktop/MAI/NDVW/Project/NDVW_Final_Project/NVDW_project/AstarPathfindingProjectEditor.csproj:
[C# Project]   672:   </ItemGroup>
[C# Project]   673:   <ItemGroup>
[C# Project]   674:     <ProjectReference Include="AstarPathfindingProject.csproj">
[C# Project]   675:       <Project>{8D4F6D2A-2954-4A2F-55E8-6251B80D35B9}</Project>
[C# Project]   676:       <Name>AstarPathfindingProject</Name>
[C# Project] Writing /Users/ericrosello/Desktop/MAI/NDVW/Project/NDVW_Final_Project/NVDW_project/Unity.2DPlatformer.Tutorials.csproj because it has changed
[C# Project] First difference on line 652

[C# Project] Current /Users/ericrosello/Desktop/MAI/NDVW/Project/NDVW_Final_Project/NVDW_project/Unity.2DPlatformer.Tutorials.csproj:
[C# Project]   652:  <Reference Include="Unity.Play.Publisher.Editor">
[C# Project]   653:  <HintPath>/Users/ericrosello/Desktop/MAI/NDVW/Project/NDVW_Final_Project/NVDW_project/Library/ScriptAssemblies/Unity.Play.Publisher.Editor.dll</HintPath>
[C# Project]   654:  </Reference>
[C# Project]   655:  <Reference Include="UnityEditor.UI">
[C# Project]   656:  <HintPath>/Users/ericrosello/Desktop/MAI/NDVW/Project/NDVW_Final_Project/NVDW_project/Library/ScriptAssemblies/UnityEditor.UI.dll</HintPath>

[C# Project] New /Users/ericrosello/Desktop/MAI/NDVW/Project/NDVW_Final_Project/NVDW_project/Unity.2DPlatformer.Tutorials.csproj:
[C# Project]   652:   </ItemGroup>
[C# Project]   653:   <ItemGroup>
[C# Project]   654:     <ProjectReference Include="Unity.Play.Publisher.Editor.csproj">
[C# Project]   655:       <Project>{919B70E1-28C4-8EC0-81BE-93E50F657895}</Project>
[C# Project]   656:       <Name>Unity.Play.Publisher.Editor</Name>
[C# Project] Writing /Users/ericrosello/Desktop/MAI/NDVW/Project/NDVW_Final_Project/NVDW_project/Unity.Platformer.Tutorials.csproj because it has changed
[C# Project] First difference on line 652

[C# Project] Current /Users/ericrosello/Desktop/MAI/NDVW/Project/NDVW_Final_Project/NVDW_project/Unity.Platformer.Tutorials.csproj:
[C# Project]   652:  <Reference Include="Unity.Play.Publisher.Editor">
[C# Project]   653:  <HintPath>/Users/ericrosello/Desktop/MAI/NDVW/Project/NDVW_Final_Project/NVDW_project/Library/ScriptAssemblies/Unity.Play.Publisher.Editor.dll</HintPath>
[C# Project]   654:  </Reference>
[C# Project]   655:  <Reference Include="Unity.InteractiveTutorials.Core">
[C# Project]   656:  <HintPath>/Users/ericrosello/Desktop/MAI/NDVW/Project/NDVW_Final_Project/NVDW_project/Library/ScriptAssemblies/Unity.InteractiveTutorials.Core.dll</HintPath>

[C# Project] New /Users/ericrosello/Desktop/MAI/NDVW/Project/NDVW_Final_Project/NVDW_project/Unity.Platformer.Tutorials.csproj:
[C# Project]   652:   </ItemGroup>
[C# Project]   653:   <ItemGroup>
[C# Project]   654:     <ProjectReference Include="Unity.Play.Publisher.Editor.csproj">
[C# Project]   655:       <Project>{919B70E1-28C4-8EC0-81BE-93E50F657895}</Project>
[C# Project]   656:       <Name>Unity.Play.Publisher.Editor</Name>
[C# Project] Writing /Users/ericrosello/Desktop/MAI/NDVW/Project/NDVW_Final_Project/NVDW_project/Assembly-CSharp-Editor.csproj because it has changed
[C# Project] First difference on line 651

[C# Project] Current /Users/ericrosello/Desktop/MAI/NDVW/Project/NDVW_Final_Project/NVDW_project/Assembly-CSharp-Editor.csproj:
[C# Project]   651:  <Reference Include="UnityEngine.TestRunner">
[C# Project]   652:  <HintPath>/Users/ericrosello/Desktop/MAI/NDVW/Project/NDVW_Final_Project/NVDW_project/Library/ScriptAssemblies/UnityEngine.TestRunner.dll</HintPath>
[C# Project]   653:  </Reference>
[C# Project]   654:  <Reference Include="UnityEditor.TestRunner">
[C# Project]   655:  <HintPath>/Users/ericrosello/Desktop/MAI/NDVW/Project/NDVW_Final_Project/NVDW_project/Library/ScriptAssemblies/UnityEditor.TestRunner.dll</HintPath>

[C# Project] New /Users/ericrosello/Desktop/MAI/NDVW/Project/NDVW_Final_Project/NVDW_project/Assembly-CSharp-Editor.csproj:
[C# Project]   651:   </ItemGroup>
[C# Project]   652:   <ItemGroup>
[C# Project]   653:     <ProjectReference Include="Assembly-CSharp.csproj">
[C# Project]   654:       <Project>{05DBBF06-F22F-F8F5-F158-734BB9617AA8}</Project>
[C# Project]   655:       <Name>Assembly-CSharp</Name>
2021-12-01 12:50:19.168 Unity[4848:121634] NSEventModifierFlagFunction specified to -setKeyEquivalentModifierMask: for item <NSMenuItem: 0x600000f73d40 Font Asset, ke='Command-F12'>, but is only supported for system-provided menu items; will not be used
2021-12-01 12:50:19.171 Unity[4848:121634] NSEventModifierFlagFunction specified to -setKeyEquivalentModifierMask: for item <NSMenuItem: 0x600000f69500 Font Asset, ke='Command-F12'>, but is only supported for system-provided menu items; will not be used
========================================================================
Worker process is ready to serve import requests
Refreshing native plugins compatible for Editor in 0.51 ms, found 2 plugins.
Preloading 0 native plugins for Editor in 0.00 ms.
Unloading 2274 Unused Serialized files (Serialized files now loaded: 0)
System memory in use before: 241.0 MB.
System memory in use after: 239.0 MB.

Unloading 226 unused Assets to reduce memory usage. Loaded Objects now: 2733.
Total: 3.348417 ms (FindLiveObjects: 0.143375 ms CreateObjectMapping: 0.047583 ms MarkObjects: 2.542959 ms  DeleteObjects: 0.613583 ms)

AssetImportParameters requested are different than current active one (requested -> active):
  custom:video-decoder-ogg-theora: a1e56fd34408186e4bbccfd4996cb3dc -> 
  custom:container-muxer-webm: aa71ff27fc2769a1b78a27578f13a17b -> 
  custom:container-demuxer-webm: 4f35f7cbe854078d1ac9338744f61a02 -> 
  custom:container-demuxer-ogg: 62fdf1f143b41e24485cea50d1cbac27 -> 
  custom:video-encoder-webm-vp8: eb34c28f22e8b96e1ab97ce403110664 -> 
  custom:framework-osx-AVFoundation: e770b220cccbd017edd2c1fefb359320 -> 
  custom:video-decoder-webm-vp8: 9c59270c3fd7afecdb556c50c9e8de78 -> 
  custom:audio-decoder-ogg-vorbis: bf7c407c2cedff20999df2af8eb42d56 -> 
  custom:audio-encoder-webm-vorbis: bf7c407c2cedff20999df2af8eb42d56 -> 
========================================================================
Received Import Request.
  path: Assets/Scenes/LevelDraft.unity
  artifactKey: Guid(ac194bb4519cb40919e235a83ed60dc4) Importer(815301076,1909f56bfc062723c751e8b465ee728b)
Start importing Assets/Scenes/LevelDraft.unity using Guid(ac194bb4519cb40919e235a83ed60dc4) Importer(815301076,1909f56bfc062723c751e8b465ee728b)  -> (artifact id: '8d8ec38eea48604fe2b2994d338b0fa5') in 0.019748 seconds 
  Import took 0.022551 seconds .

========================================================================
Received Import Request.
  Time since last request: 20.345141 seconds.
  path: Assets/Scenes/SampleScene.unity
  artifactKey: Guid(2cda990e2423bbf4892e6590ba056729) Importer(815301076,1909f56bfc062723c751e8b465ee728b)
Start importing Assets/Scenes/SampleScene.unity using Guid(2cda990e2423bbf4892e6590ba056729) Importer(815301076,1909f56bfc062723c751e8b465ee728b)  -> (artifact id: '8b134d4b0f22cf9c4850bbacfcd3a4e3') in 0.001819 seconds 
  Import took 0.004832 seconds .

========================================================================
Received Prepare
Registering precompiled user dll's ...
Registered in 0.001546 seconds.
Begin MonoManager ReloadAssembly
Native extension for OSXStandalone target not found
Refreshing native plugins compatible for Editor in 0.55 ms, found 2 plugins.
Preloading 0 native plugins for Editor in 0.00 ms.
2021-12-01 12:51:14.542 Unity[4848:121634] NSEventModifierFlagFunction specified to -setKeyEquivalentModifierMask: for item <NSMenuItem: 0x600000f526f0 Font Asset, ke='Command-F12'>, but is only supported for system-provided menu items; will not be used
Mono: successfully reloaded assembly
- Completed reload, in  2.038 seconds
Domain Reload Profiling:
	ReloadAssembly (2039ms)
		BeginReloadAssembly (184ms)
			ExecutionOrderSort (0ms)
			DisableScriptedObjects (31ms)
			BackupInstance (0ms)
			ReleaseScriptingObjects (0ms)
			CreateAndSetChildDomain (63ms)
		EndReloadAssembly (1773ms)
			LoadAssemblies (147ms)
			RebuildTransferFunctionScriptingTraits (0ms)
			SetupTypeCache (312ms)
			ReleaseScriptCaches (1ms)
			RebuildScriptCaches (51ms)
			SetupLoadedEditorAssemblies (962ms)
				LogAssemblyErrors (0ms)
				InitializePlatformSupportModulesInManaged (14ms)
				SetLoadedEditorAssemblies (1ms)
				RefreshPlugins (1ms)
				BeforeProcessingInitializeOnLoad (152ms)
				ProcessInitializeOnLoadAttributes (763ms)
				ProcessInitializeOnLoadMethodAttributes (30ms)
				AfterProcessingInitializeOnLoad (1ms)
				EditorAssembliesLoaded (0ms)
			ExecutionOrderSort2 (0ms)
			AwakeInstancesAfterBackupRestoration (26ms)
Platform modules already initialized, skipping
Refreshing native plugins compatible for Editor in 0.40 ms, found 2 plugins.
Preloading 0 native plugins for Editor in 0.00 ms.
Unloading 2209 Unused Serialized files (Serialized files now loaded: 0)
System memory in use before: 230.8 MB.
System memory in use after: 231.1 MB.

Unloading 18 unused Assets to reduce memory usage. Loaded Objects now: 2747.
Total: 2.230791 ms (FindLiveObjects: 0.111791 ms CreateObjectMapping: 0.042042 ms MarkObjects: 2.058500 ms  DeleteObjects: 0.017667 ms)

AssetImportParameters requested are different than current active one (requested -> active):
  custom:video-decoder-ogg-theora: a1e56fd34408186e4bbccfd4996cb3dc -> 
  custom:container-muxer-webm: aa71ff27fc2769a1b78a27578f13a17b -> 
  custom:container-demuxer-webm: 4f35f7cbe854078d1ac9338744f61a02 -> 
  custom:container-demuxer-ogg: 62fdf1f143b41e24485cea50d1cbac27 -> 
  custom:video-encoder-webm-vp8: eb34c28f22e8b96e1ab97ce403110664 -> 
  custom:framework-osx-AVFoundation: e770b220cccbd017edd2c1fefb359320 -> 
  custom:video-decoder-webm-vp8: 9c59270c3fd7afecdb556c50c9e8de78 -> 
  custom:audio-decoder-ogg-vorbis: bf7c407c2cedff20999df2af8eb42d56 -> 
  custom:audio-encoder-webm-vorbis: bf7c407c2cedff20999df2af8eb42d56 -> 
AssetImportWorkerClient::OnTransportError - code=2 error=End of file
